  2014/01/06 17:32:29 [error] [exception.CHttpException.404] exception 'CHttpException' with message 'The system is unable to find the requested action "favicon.ico".' in /var/www/yii/framework/web/CController.php:483
Stack trace:
#0 /var/www/yii/framework/web/CController.php(270): CController->missingAction('favicon.ico')
#1 /var/www/yii/framework/web/CWebApplication.php(282): CController->run('favicon.ico')
#2 /var/www/yii/framework/web/CWebApplication.php(141): CWebApplication->runController('site/favicon.ic...')
#3 /var/www/yii/framework/base/CApplication.php(180): CWebApplication->processRequest()
#4 /var/www/ndsm_store/index.php(13): CApplication->run()
#5 {main}
REQUEST_URI=/ndsm_store/site/favicon.ico
---
2014/01/06 17:45:39 [error] [system.db.CDbCommand] CDbCommand::execute() failed: SQLSTATE[42S02]: Base table or view not found: 1146 Table 'storedb.shopping_history' doesn't exist. The SQL statement executed was: INSERT INTO `shopping_history` (`user_id`, `item_id`, `date`) VALUES (:user_id, :item_id, :date).
in /var/www/ndsm_store/protected/controllers/ItemController.php (53)
in /var/www/ndsm_store/index.php (13)
2014/01/06 17:45:39 [error] [exception.CDbException] exception 'CDbException' with message 'CDbCommand failed to execute the SQL statement: SQLSTATE[42S02]: Base table or view not found: 1146 Table 'storedb.shopping_history' doesn't exist. The SQL statement executed was: INSERT INTO `shopping_history` (`user_id`, `item_id`, `date`) VALUES (:user_id, :item_id, :date)' in /var/www/yii/framework/db/CDbCommand.php:358
Stack trace:
#0 /var/www/yii/framework/db/CDbCommand.php(1250): CDbCommand->execute(Array)
#1 /var/www/ndsm_store/protected/controllers/ItemController.php(53): CDbCommand->insert('shopping_histor...', Array)
#2 [internal function]: ItemController->actionReserve('12', '15')
#3 /var/www/yii/framework/web/actions/CAction.php(108): ReflectionMethod->invokeArgs(Object(ItemController), Array)
#4 /var/www/yii/framework/web/actions/CInlineAction.php(47): CAction->runWithParamsInternal(Object(ItemController), Object(ReflectionMethod), Array)
#5 /var/www/yii/framework/web/CController.php(308): CInlineAction->runWithParams(Array)
#6 /var/www/yii/framework/web/filters/CFilterChain.php(133): CController->runAction(Object(CInlineAction))
#7 /var/www/yii/framework/web/filters/CFilter.php(40): CFilterChain->run()
#8 /var/www/yii/framework/web/CController.php(1145): CFilter->filter(Object(CFilterChain))
#9 /var/www/yii/framework/web/filters/CInlineFilter.php(58): CController->filterAccessControl(Object(CFilterChain))
#10 /var/www/yii/framework/web/filters/CFilterChain.php(130): CInlineFilter->filter(Object(CFilterChain))
#11 /var/www/yii/framework/web/CController.php(291): CFilterChain->run()
#12 /var/www/yii/framework/web/CController.php(265): CController->runActionWithFilters(Object(CInlineAction), Array)
#13 /var/www/yii/framework/web/CWebApplication.php(282): CController->run('reserve')
#14 /var/www/yii/framework/web/CWebApplication.php(141): CWebApplication->runController('item/reserve')
#15 /var/www/yii/framework/base/CApplication.php(180): CWebApplication->processRequest()
#16 /var/www/ndsm_store/index.php(13): CApplication->run()
#17 {main}
REQUEST_URI=/ndsm_store/reserve/12/15
HTTP_REFERER=http://localhost/ndsm_store/site/login
---
2014/01/06 17:50:13 [error] [exception.CHttpException.404] exception 'CHttpException' with message 'Unable to resolve the request "reserve/15/apple test space".' in /var/www/yii/framework/web/CWebApplication.php:286
Stack trace:
#0 /var/www/yii/framework/web/CWebApplication.php(141): CWebApplication->runController('reserve/15/appl...')
#1 /var/www/yii/framework/base/CApplication.php(180): CWebApplication->processRequest()
#2 /var/www/ndsm_store/index.php(13): CApplication->run()
#3 {main}
REQUEST_URI=/ndsm_store/reserve/15/apple+test+space
---
2014/01/06 17:50:13 [error] [exception.CHttpException.404] exception 'CHttpException' with message 'Unable to resolve the request "reserve/15/favicon.ico".' in /var/www/yii/framework/web/CWebApplication.php:286
Stack trace:
#0 /var/www/yii/framework/web/CWebApplication.php(141): CWebApplication->runController('reserve/15/favi...')
#1 /var/www/yii/framework/base/CApplication.php(180): CWebApplication->processRequest()
#2 /var/www/ndsm_store/index.php(13): CApplication->run()
#3 {main}
REQUEST_URI=/ndsm_store/reserve/15/favicon.ico
---
2014/01/06 17:52:45 [error] [exception.CHttpException.404] exception 'CHttpException' with message 'The system is unable to find the requested action "favicon.ico".' in /var/www/yii/framework/web/CController.php:483
Stack trace:
#0 /var/www/yii/framework/web/CController.php(270): CController->missingAction('favicon.ico')
#1 /var/www/yii/framework/web/CWebApplication.php(282): CController->run('favicon.ico')
#2 /var/www/yii/framework/web/CWebApplication.php(141): CWebApplication->runController('item/favicon.ic...')
#3 /var/www/yii/framework/base/CApplication.php(180): CWebApplication->processRequest()
#4 /var/www/ndsm_store/index.php(13): CApplication->run()
#5 {main}
REQUEST_URI=/ndsm_store/item/favicon.ico
---
2014/01/06 17:53:07 [error] [exception.CHttpException.403] exception 'CHttpException' with message 'Enter what you are looking for on the search box' in /var/www/ndsm_store/protected/controllers/ItemController.php:199
Stack trace:
#0 /var/www/yii/framework/web/actions/CInlineAction.php(49): ItemController->actionIndex()
#1 /var/www/yii/framework/web/CController.php(308): CInlineAction->runWithParams(Array)
#2 /var/www/yii/framework/web/filters/CFilterChain.php(133): CController->runAction(Object(CInlineAction))
#3 /var/www/yii/framework/web/filters/CFilter.php(40): CFilterChain->run()
#4 /var/www/yii/framework/web/CController.php(1145): CFilter->filter(Object(CFilterChain))
#5 /var/www/yii/framework/web/filters/CInlineFilter.php(58): CController->filterAccessControl(Object(CFilterChain))
#6 /var/www/yii/framework/web/filters/CFilterChain.php(130): CInlineFilter->filter(Object(CFilterChain))
#7 /var/www/yii/framework/web/CController.php(291): CFilterChain->run()
#8 /var/www/yii/framework/web/CController.php(265): CController->runActionWithFilters(Object(CInlineAction), Array)
#9 /var/www/yii/framework/web/CWebApplication.php(282): CController->run('')
#10 /var/www/yii/framework/web/CWebApplication.php(141): CWebApplication->runController('item')
#11 /var/www/yii/framework/base/CApplication.php(180): CWebApplication->processRequest()
#12 /var/www/ndsm_store/index.php(13): CApplication->run()
#13 {main}
REQUEST_URI=/ndsm_store/item/
---
2014/01/06 17:53:26 [error] [exception.CHttpException.403] exception 'CHttpException' with message 'Enter what you are looking for on the search box' in /var/www/ndsm_store/protected/controllers/ItemController.php:199
Stack trace:
#0 /var/www/yii/framework/web/actions/CInlineAction.php(49): ItemController->actionIndex()
#1 /var/www/yii/framework/web/CController.php(308): CInlineAction->runWithParams(Array)
#2 /var/www/yii/framework/web/filters/CFilterChain.php(133): CController->runAction(Object(CInlineAction))
#3 /var/www/yii/framework/web/filters/CFilter.php(40): CFilterChain->run()
#4 /var/www/yii/framework/web/CController.php(1145): CFilter->filter(Object(CFilterChain))
#5 /var/www/yii/framework/web/filters/CInlineFilter.php(58): CController->filterAccessControl(Object(CFilterChain))
#6 /var/www/yii/framework/web/filters/CFilterChain.php(130): CInlineFilter->filter(Object(CFilterChain))
#7 /var/www/yii/framework/web/CController.php(291): CFilterChain->run()
#8 /var/www/yii/framework/web/CController.php(265): CController->runActionWithFilters(Object(CInlineAction), Array)
#9 /var/www/yii/framework/web/CWebApplication.php(282): CController->run('')
#10 /var/www/yii/framework/web/CWebApplication.php(141): CWebApplication->runController('item')
#11 /var/www/yii/framework/base/CApplication.php(180): CWebApplication->processRequest()
#12 /var/www/ndsm_store/index.php(13): CApplication->run()
#13 {main}
REQUEST_URI=/ndsm_store/item/
---
2014/01/06 18:17:46 [error] [exception.CHttpException.403] exception 'CHttpException' with message 'Enter what you are looking for on the search box' in /var/www/ndsm_store/protected/controllers/ItemController.php:198
Stack trace:
#0 /var/www/yii/framework/web/actions/CInlineAction.php(49): ItemController->actionIndex()
#1 /var/www/yii/framework/web/CController.php(308): CInlineAction->runWithParams(Array)
#2 /var/www/yii/framework/web/filters/CFilterChain.php(133): CController->runAction(Object(CInlineAction))
#3 /var/www/yii/framework/web/filters/CFilter.php(40): CFilterChain->run()
#4 /var/www/yii/framework/web/CController.php(1145): CFilter->filter(Object(CFilterChain))
#5 /var/www/yii/framework/web/filters/CInlineFilter.php(58): CController->filterAccessControl(Object(CFilterChain))
#6 /var/www/yii/framework/web/filters/CFilterChain.php(130): CInlineFilter->filter(Object(CFilterChain))
#7 /var/www/yii/framework/web/CController.php(291): CFilterChain->run()
#8 /var/www/yii/framework/web/CController.php(265): CController->runActionWithFilters(Object(CInlineAction), Array)
#9 /var/www/yii/framework/web/CWebApplication.php(282): CController->run('')
#10 /var/www/yii/framework/web/CWebApplication.php(141): CWebApplication->runController('item')
#11 /var/www/yii/framework/base/CApplication.php(180): CWebApplication->processRequest()
#12 /var/www/ndsm_store/index.php(13): CApplication->run()
#13 {main}
REQUEST_URI=/ndsm_store/item/
---
2014/01/06 18:17:54 [error] [exception.CHttpException.404] exception 'CHttpException' with message 'Unable to resolve the request "reserve".' in /var/www/yii/framework/web/CWebApplication.php:286
Stack trace:
#0 /var/www/yii/framework/web/CWebApplication.php(141): CWebApplication->runController('reserve')
#1 /var/www/yii/framework/base/CApplication.php(180): CWebApplication->processRequest()
#2 /var/www/ndsm_store/index.php(13): CApplication->run()
#3 {main}
REQUEST_URI=/ndsm_store/reserve/
---
2014/01/06 18:17:54 [error] [exception.CHttpException.404] exception 'CHttpException' with message 'Unable to resolve the request "reserve/favicon.ico".' in /var/www/yii/framework/web/CWebApplication.php:286
Stack trace:
#0 /var/www/yii/framework/web/CWebApplication.php(141): CWebApplication->runController('reserve/favicon...')
#1 /var/www/yii/framework/base/CApplication.php(180): CWebApplication->processRequest()
#2 /var/www/ndsm_store/index.php(13): CApplication->run()
#3 {main}
REQUEST_URI=/ndsm_store/reserve/favicon.ico
---
2014/01/06 18:18:01 [error] [exception.CHttpException.404] exception 'CHttpException' with message 'Unable to resolve the request "reserve/view".' in /var/www/yii/framework/web/CWebApplication.php:286
Stack trace:
#0 /var/www/yii/framework/web/CWebApplication.php(141): CWebApplication->runController('reserve/view')
#1 /var/www/yii/framework/base/CApplication.php(180): CWebApplication->processRequest()
#2 /var/www/ndsm_store/index.php(13): CApplication->run()
#3 {main}
REQUEST_URI=/ndsm_store/reserve/12/
---
2014/01/06 18:18:01 [error] [exception.CHttpException.404] exception 'CHttpException' with message 'Unable to resolve the request "reserve/12/favicon.ico".' in /var/www/yii/framework/web/CWebApplication.php:286
Stack trace:
#0 /var/www/yii/framework/web/CWebApplication.php(141): CWebApplication->runController('reserve/12/favi...')
#1 /var/www/yii/framework/base/CApplication.php(180): CWebApplication->processRequest()
#2 /var/www/ndsm_store/index.php(13): CApplication->run()
#3 {main}
REQUEST_URI=/ndsm_store/reserve/12/favicon.ico
---
2014/01/06 18:18:16 [error] [exception.CHttpException.400] exception 'CHttpException' with message 'Your request is invalid.' in /var/www/yii/framework/web/CController.php:336
Stack trace:
#0 /var/www/yii/framework/web/CController.php(309): CController->invalidActionParams(Object(CInlineAction))
#1 /var/www/yii/framework/web/filters/CFilterChain.php(133): CController->runAction(Object(CInlineAction))
#2 /var/www/yii/framework/web/filters/CFilter.php(40): CFilterChain->run()
#3 /var/www/yii/framework/web/CController.php(1145): CFilter->filter(Object(CFilterChain))
#4 /var/www/yii/framework/web/filters/CInlineFilter.php(58): CController->filterAccessControl(Object(CFilterChain))
#5 /var/www/yii/framework/web/filters/CFilterChain.php(130): CInlineFilter->filter(Object(CFilterChain))
#6 /var/www/yii/framework/web/CController.php(291): CFilterChain->run()
#7 /var/www/yii/framework/web/CController.php(265): CController->runActionWithFilters(Object(CInlineAction), Array)
#8 /var/www/yii/framework/web/CWebApplication.php(282): CController->run('reserve')
#9 /var/www/yii/framework/web/CWebApplication.php(141): CWebApplication->runController('item/reserve')
#10 /var/www/yii/framework/base/CApplication.php(180): CWebApplication->processRequest()
#11 /var/www/ndsm_store/index.php(13): CApplication->run()
#12 {main}
REQUEST_URI=/ndsm_store/item/reserve/12/
---
2014/01/06 18:18:16 [error] [exception.CHttpException.400] exception 'CHttpException' with message 'Your request is invalid.' in /var/www/yii/framework/web/CController.php:336
Stack trace:
#0 /var/www/yii/framework/web/CController.php(309): CController->invalidActionParams(Object(CInlineAction))
#1 /var/www/yii/framework/web/filters/CFilterChain.php(133): CController->runAction(Object(CInlineAction))
#2 /var/www/yii/framework/web/filters/CFilter.php(40): CFilterChain->run()
#3 /var/www/yii/framework/web/CController.php(1145): CFilter->filter(Object(CFilterChain))
#4 /var/www/yii/framework/web/filters/CInlineFilter.php(58): CController->filterAccessControl(Object(CFilterChain))
#5 /var/www/yii/framework/web/filters/CFilterChain.php(130): CInlineFilter->filter(Object(CFilterChain))
#6 /var/www/yii/framework/web/CController.php(291): CFilterChain->run()
#7 /var/www/yii/framework/web/CController.php(265): CController->runActionWithFilters(Object(CInlineAction), Array)
#8 /var/www/yii/framework/web/CWebApplication.php(282): CController->run('reserve')
#9 /var/www/yii/framework/web/CWebApplication.php(141): CWebApplication->runController('item/reserve/12...')
#10 /var/www/yii/framework/base/CApplication.php(180): CWebApplication->processRequest()
#11 /var/www/ndsm_store/index.php(13): CApplication->run()
#12 {main}
REQUEST_URI=/ndsm_store/item/reserve/12/favicon.ico
---
2014/01/06 18:18:28 [error] [exception.CHttpException.404] exception 'CHttpException' with message 'Unable to resolve the request "reserve/view".' in /var/www/yii/framework/web/CWebApplication.php:286
Stack trace:
#0 /var/www/yii/framework/web/CWebApplication.php(141): CWebApplication->runController('reserve/view')
#1 /var/www/yii/framework/base/CApplication.php(180): CWebApplication->processRequest()
#2 /var/www/ndsm_store/index.php(13): CApplication->run()
#3 {main}
REQUEST_URI=/ndsm_store/reserve/12/
---
2014/01/06 21:06:24 [error] [exception.CHttpException.404] exception 'CHttpException' with message 'The requested page does not exist.' in /var/www/ndsm_store/protected/controllers/ItemController.php:227
Stack trace:
#0 /var/www/ndsm_store/protected/controllers/ItemController.php(47): ItemController->loadModel('12')
#1 [internal function]: ItemController->actionReserve('12', '56')
#2 /var/www/yii/framework/web/actions/CAction.php(108): ReflectionMethod->invokeArgs(Object(ItemController), Array)
#3 /var/www/yii/framework/web/actions/CInlineAction.php(47): CAction->runWithParamsInternal(Object(ItemController), Object(ReflectionMethod), Array)
#4 /var/www/yii/framework/web/CController.php(308): CInlineAction->runWithParams(Array)
#5 /var/www/yii/framework/web/filters/CFilterChain.php(133): CController->runAction(Object(CInlineAction))
#6 /var/www/yii/framework/web/filters/CFilter.php(40): CFilterChain->run()
#7 /var/www/yii/framework/web/CController.php(1145): CFilter->filter(Object(CFilterChain))
#8 /var/www/yii/framework/web/filters/CInlineFilter.php(58): CController->filterAccessControl(Object(CFilterChain))
#9 /var/www/yii/framework/web/filters/CFilterChain.php(130): CInlineFilter->filter(Object(CFilterChain))
#10 /var/www/yii/framework/web/CController.php(291): CFilterChain->run()
#11 /var/www/yii/framework/web/CController.php(265): CController->runActionWithFilters(Object(CInlineAction), Array)
#12 /var/www/yii/framework/web/CWebApplication.php(282): CController->run('reserve')
#13 /var/www/yii/framework/web/CWebApplication.php(141): CWebApplication->runController('item/reserve')
#14 /var/www/yii/framework/base/CApplication.php(180): CWebApplication->processRequest()
#15 /var/www/ndsm_store/index.php(13): CApplication->run()
#16 {main}
REQUEST_URI=/ndsm_store/reserve/12/56
---
2014/01/06 21:06:29 [error] [exception.CHttpException.404] exception 'CHttpException' with message 'The requested page does not exist.' in /var/www/ndsm_store/protected/controllers/ItemController.php:227
Stack trace:
#0 /var/www/ndsm_store/protected/controllers/ItemController.php(47): ItemController->loadModel('12')
#1 [internal function]: ItemController->actionReserve('12', '56')
#2 /var/www/yii/framework/web/actions/CAction.php(108): ReflectionMethod->invokeArgs(Object(ItemController), Array)
#3 /var/www/yii/framework/web/actions/CInlineAction.php(47): CAction->runWithParamsInternal(Object(ItemController), Object(ReflectionMethod), Array)
#4 /var/www/yii/framework/web/CController.php(308): CInlineAction->runWithParams(Array)
#5 /var/www/yii/framework/web/filters/CFilterChain.php(133): CController->runAction(Object(CInlineAction))
#6 /var/www/yii/framework/web/filters/CFilter.php(40): CFilterChain->run()
#7 /var/www/yii/framework/web/CController.php(1145): CFilter->filter(Object(CFilterChain))
#8 /var/www/yii/framework/web/filters/CInlineFilter.php(58): CController->filterAccessControl(Object(CFilterChain))
#9 /var/www/yii/framework/web/filters/CFilterChain.php(130): CInlineFilter->filter(Object(CFilterChain))
#10 /var/www/yii/framework/web/CController.php(291): CFilterChain->run()
#11 /var/www/yii/framework/web/CController.php(265): CController->runActionWithFilters(Object(CInlineAction), Array)
#12 /var/www/yii/framework/web/CWebApplication.php(282): CController->run('reserve')
#13 /var/www/yii/framework/web/CWebApplication.php(141): CWebApplication->runController('item/reserve')
#14 /var/www/yii/framework/base/CApplication.php(180): CWebApplication->processRequest()
#15 /var/www/ndsm_store/index.php(13): CApplication->run()
#16 {main}
REQUEST_URI=/ndsm_store/reserve/12/56
---
2014/01/06 21:13:14 [error] [exception.CHttpException.404] exception 'CHttpException' with message 'The requested page does not exist.' in /var/www/ndsm_store/protected/controllers/ItemController.php:227
Stack trace:
#0 /var/www/ndsm_store/protected/controllers/ItemController.php(47): ItemController->loadModel('12')
#1 [internal function]: ItemController->actionReserve('12', '56')
#2 /var/www/yii/framework/web/actions/CAction.php(108): ReflectionMethod->invokeArgs(Object(ItemController), Array)
#3 /var/www/yii/framework/web/actions/CInlineAction.php(47): CAction->runWithParamsInternal(Object(ItemController), Object(ReflectionMethod), Array)
#4 /var/www/yii/framework/web/CController.php(308): CInlineAction->runWithParams(Array)
#5 /var/www/yii/framework/web/filters/CFilterChain.php(133): CController->runAction(Object(CInlineAction))
#6 /var/www/yii/framework/web/filters/CFilter.php(40): CFilterChain->run()
#7 /var/www/yii/framework/web/CController.php(1145): CFilter->filter(Object(CFilterChain))
#8 /var/www/yii/framework/web/filters/CInlineFilter.php(58): CController->filterAccessControl(Object(CFilterChain))
#9 /var/www/yii/framework/web/filters/CFilterChain.php(130): CInlineFilter->filter(Object(CFilterChain))
#10 /var/www/yii/framework/web/CController.php(291): CFilterChain->run()
#11 /var/www/yii/framework/web/CController.php(265): CController->runActionWithFilters(Object(CInlineAction), Array)
#12 /var/www/yii/framework/web/CWebApplication.php(282): CController->run('reserve')
#13 /var/www/yii/framework/web/CWebApplication.php(141): CWebApplication->runController('item/reserve')
#14 /var/www/yii/framework/base/CApplication.php(180): CWebApplication->processRequest()
#15 /var/www/ndsm_store/index.php(13): CApplication->run()
#16 {main}
REQUEST_URI=/ndsm_store/reserve/12/56
---
2014/01/06 21:15:26 [error] [exception.CHttpException.404] exception 'CHttpException' with message 'The requested page does not exist.' in /var/www/ndsm_store/protected/controllers/ItemController.php:228
Stack trace:
#0 /var/www/ndsm_store/protected/controllers/ItemController.php(47): ItemController->loadModel('12')
#1 [internal function]: ItemController->actionReserve('12', '56')
#2 /var/www/yii/framework/web/actions/CAction.php(108): ReflectionMethod->invokeArgs(Object(ItemController), Array)
#3 /var/www/yii/framework/web/actions/CInlineAction.php(47): CAction->runWithParamsInternal(Object(ItemController), Object(ReflectionMethod), Array)
#4 /var/www/yii/framework/web/CController.php(308): CInlineAction->runWithParams(Array)
#5 /var/www/yii/framework/web/filters/CFilterChain.php(133): CController->runAction(Object(CInlineAction))
#6 /var/www/yii/framework/web/filters/CFilter.php(40): CFilterChain->run()
#7 /var/www/yii/framework/web/CController.php(1145): CFilter->filter(Object(CFilterChain))
#8 /var/www/yii/framework/web/filters/CInlineFilter.php(58): CController->filterAccessControl(Object(CFilterChain))
#9 /var/www/yii/framework/web/filters/CFilterChain.php(130): CInlineFilter->filter(Object(CFilterChain))
#10 /var/www/yii/framework/web/CController.php(291): CFilterChain->run()
#11 /var/www/yii/framework/web/CController.php(265): CController->runActionWithFilters(Object(CInlineAction), Array)
#12 /var/www/yii/framework/web/CWebApplication.php(282): CController->run('reserve')
#13 /var/www/yii/framework/web/CWebApplication.php(141): CWebApplication->runController('item/reserve')
#14 /var/www/yii/framework/base/CApplication.php(180): CWebApplication->processRequest()
#15 /var/www/ndsm_store/index.php(13): CApplication->run()
#16 {main}
REQUEST_URI=/ndsm_store/reserve/12/56
---
2014/01/06 21:15:28 [error] [exception.CHttpException.404] exception 'CHttpException' with message 'The requested page does not exist.' in /var/www/ndsm_store/protected/controllers/ItemController.php:228
Stack trace:
#0 /var/www/ndsm_store/protected/controllers/ItemController.php(47): ItemController->loadModel('12')
#1 [internal function]: ItemController->actionReserve('12', '56')
#2 /var/www/yii/framework/web/actions/CAction.php(108): ReflectionMethod->invokeArgs(Object(ItemController), Array)
#3 /var/www/yii/framework/web/actions/CInlineAction.php(47): CAction->runWithParamsInternal(Object(ItemController), Object(ReflectionMethod), Array)
#4 /var/www/yii/framework/web/CController.php(308): CInlineAction->runWithParams(Array)
#5 /var/www/yii/framework/web/filters/CFilterChain.php(133): CController->runAction(Object(CInlineAction))
#6 /var/www/yii/framework/web/filters/CFilter.php(40): CFilterChain->run()
#7 /var/www/yii/framework/web/CController.php(1145): CFilter->filter(Object(CFilterChain))
#8 /var/www/yii/framework/web/filters/CInlineFilter.php(58): CController->filterAccessControl(Object(CFilterChain))
#9 /var/www/yii/framework/web/filters/CFilterChain.php(130): CInlineFilter->filter(Object(CFilterChain))
#10 /var/www/yii/framework/web/CController.php(291): CFilterChain->run()
#11 /var/www/yii/framework/web/CController.php(265): CController->runActionWithFilters(Object(CInlineAction), Array)
#12 /var/www/yii/framework/web/CWebApplication.php(282): CController->run('reserve')
#13 /var/www/yii/framework/web/CWebApplication.php(141): CWebApplication->runController('item/reserve')
#14 /var/www/yii/framework/base/CApplication.php(180): CWebApplication->processRequest()
#15 /var/www/ndsm_store/index.php(13): CApplication->run()
#16 {main}
REQUEST_URI=/ndsm_store/reserve/12/56
---
2014/01/06 21:17:51 [error] [exception.CHttpException.404] exception 'CHttpException' with message 'The requested page does not exist.' in /var/www/ndsm_store/protected/controllers/ItemController.php:228
Stack trace:
#0 /var/www/ndsm_store/protected/controllers/ItemController.php(47): ItemController->loadModel('12')
#1 [internal function]: ItemController->actionReserve('12', '56')
#2 /var/www/yii/framework/web/actions/CAction.php(108): ReflectionMethod->invokeArgs(Object(ItemController), Array)
#3 /var/www/yii/framework/web/actions/CInlineAction.php(47): CAction->runWithParamsInternal(Object(ItemController), Object(ReflectionMethod), Array)
#4 /var/www/yii/framework/web/CController.php(308): CInlineAction->runWithParams(Array)
#5 /var/www/yii/framework/web/filters/CFilterChain.php(133): CController->runAction(Object(CInlineAction))
#6 /var/www/yii/framework/web/filters/CFilter.php(40): CFilterChain->run()
#7 /var/www/yii/framework/web/CController.php(1145): CFilter->filter(Object(CFilterChain))
#8 /var/www/yii/framework/web/filters/CInlineFilter.php(58): CController->filterAccessControl(Object(CFilterChain))
#9 /var/www/yii/framework/web/filters/CFilterChain.php(130): CInlineFilter->filter(Object(CFilterChain))
#10 /var/www/yii/framework/web/CController.php(291): CFilterChain->run()
#11 /var/www/yii/framework/web/CController.php(265): CController->runActionWithFilters(Object(CInlineAction), Array)
#12 /var/www/yii/framework/web/CWebApplication.php(282): CController->run('reserve')
#13 /var/www/yii/framework/web/CWebApplication.php(141): CWebApplication->runController('item/reserve')
#14 /var/www/yii/framework/base/CApplication.php(180): CWebApplication->processRequest()
#15 /var/www/ndsm_store/index.php(13): CApplication->run()
#16 {main}
REQUEST_URI=/ndsm_store/reserve/12/56
---
2014/01/06 21:18:25 [error] [exception.CHttpException.404] exception 'CHttpException' with message 'The requested page does not exist.' in /var/www/ndsm_store/protected/controllers/ItemController.php:226
Stack trace:
#0 /var/www/ndsm_store/protected/controllers/ItemController.php(47): ItemController->loadModel('12')
#1 [internal function]: ItemController->actionReserve('12', '56')
#2 /var/www/yii/framework/web/actions/CAction.php(108): ReflectionMethod->invokeArgs(Object(ItemController), Array)
#3 /var/www/yii/framework/web/actions/CInlineAction.php(47): CAction->runWithParamsInternal(Object(ItemController), Object(ReflectionMethod), Array)
#4 /var/www/yii/framework/web/CController.php(308): CInlineAction->runWithParams(Array)
#5 /var/www/yii/framework/web/filters/CFilterChain.php(133): CController->runAction(Object(CInlineAction))
#6 /var/www/yii/framework/web/filters/CFilter.php(40): CFilterChain->run()
#7 /var/www/yii/framework/web/CController.php(1145): CFilter->filter(Object(CFilterChain))
#8 /var/www/yii/framework/web/filters/CInlineFilter.php(58): CController->filterAccessControl(Object(CFilterChain))
#9 /var/www/yii/framework/web/filters/CFilterChain.php(130): CInlineFilter->filter(Object(CFilterChain))
#10 /var/www/yii/framework/web/CController.php(291): CFilterChain->run()
#11 /var/www/yii/framework/web/CController.php(265): CController->runActionWithFilters(Object(CInlineAction), Array)
#12 /var/www/yii/framework/web/CWebApplication.php(282): CController->run('reserve')
#13 /var/www/yii/framework/web/CWebApplication.php(141): CWebApplication->runController('item/reserve')
#14 /var/www/yii/framework/base/CApplication.php(180): CWebApplication->processRequest()
#15 /var/www/ndsm_store/index.php(13): CApplication->run()
#16 {main}
REQUEST_URI=/ndsm_store/reserve/12/56
---
2014/01/06 21:20:04 [error] [exception.CHttpException.404] exception 'CHttpException' with message 'The requested page does not exist.' in /var/www/ndsm_store/protected/controllers/ItemController.php:226
Stack trace:
#0 /var/www/ndsm_store/protected/controllers/ItemController.php(47): ItemController->loadModel('3')
#1 [internal function]: ItemController->actionReserve('3', '56')
#2 /var/www/yii/framework/web/actions/CAction.php(108): ReflectionMethod->invokeArgs(Object(ItemController), Array)
#3 /var/www/yii/framework/web/actions/CInlineAction.php(47): CAction->runWithParamsInternal(Object(ItemController), Object(ReflectionMethod), Array)
#4 /var/www/yii/framework/web/CController.php(308): CInlineAction->runWithParams(Array)
#5 /var/www/yii/framework/web/filters/CFilterChain.php(133): CController->runAction(Object(CInlineAction))
#6 /var/www/yii/framework/web/filters/CFilter.php(40): CFilterChain->run()
#7 /var/www/yii/framework/web/CController.php(1145): CFilter->filter(Object(CFilterChain))
#8 /var/www/yii/framework/web/filters/CInlineFilter.php(58): CController->filterAccessControl(Object(CFilterChain))
#9 /var/www/yii/framework/web/filters/CFilterChain.php(130): CInlineFilter->filter(Object(CFilterChain))
#10 /var/www/yii/framework/web/CController.php(291): CFilterChain->run()
#11 /var/www/yii/framework/web/CController.php(265): CController->runActionWithFilters(Object(CInlineAction), Array)
#12 /var/www/yii/framework/web/CWebApplication.php(282): CController->run('reserve')
#13 /var/www/yii/framework/web/CWebApplication.php(141): CWebApplication->runController('item/reserve')
#14 /var/www/yii/framework/base/CApplication.php(180): CWebApplication->processRequest()
#15 /var/www/ndsm_store/index.php(13): CApplication->run()
#16 {main}
REQUEST_URI=/ndsm_store/reserve/3/56
---
2014/01/06 21:20:04 [error] [exception.CHttpException.404] exception 'CHttpException' with message 'Unable to resolve the request "reserve/3/favicon.ico".' in /var/www/yii/framework/web/CWebApplication.php:286
Stack trace:
#0 /var/www/yii/framework/web/CWebApplication.php(141): CWebApplication->runController('reserve/3/favic...')
#1 /var/www/yii/framework/base/CApplication.php(180): CWebApplication->processRequest()
#2 /var/www/ndsm_store/index.php(13): CApplication->run()
#3 {main}
REQUEST_URI=/ndsm_store/reserve/3/favicon.ico
---
2014/01/06 21:24:17 [error] [exception.CHttpException.404] exception 'CHttpException' with message 'The requested page does not exist.' in /var/www/ndsm_store/protected/controllers/ItemController.php:227
Stack trace:
#0 /var/www/ndsm_store/protected/controllers/ItemController.php(47): ItemController->loadModel('3')
#1 [internal function]: ItemController->actionReserve('3', '56')
#2 /var/www/yii/framework/web/actions/CAction.php(108): ReflectionMethod->invokeArgs(Object(ItemController), Array)
#3 /var/www/yii/framework/web/actions/CInlineAction.php(47): CAction->runWithParamsInternal(Object(ItemController), Object(ReflectionMethod), Array)
#4 /var/www/yii/framework/web/CController.php(308): CInlineAction->runWithParams(Array)
#5 /var/www/yii/framework/web/filters/CFilterChain.php(133): CController->runAction(Object(CInlineAction))
#6 /var/www/yii/framework/web/filters/CFilter.php(40): CFilterChain->run()
#7 /var/www/yii/framework/web/CController.php(1145): CFilter->filter(Object(CFilterChain))
#8 /var/www/yii/framework/web/filters/CInlineFilter.php(58): CController->filterAccessControl(Object(CFilterChain))
#9 /var/www/yii/framework/web/filters/CFilterChain.php(130): CInlineFilter->filter(Object(CFilterChain))
#10 /var/www/yii/framework/web/CController.php(291): CFilterChain->run()
#11 /var/www/yii/framework/web/CController.php(265): CController->runActionWithFilters(Object(CInlineAction), Array)
#12 /var/www/yii/framework/web/CWebApplication.php(282): CController->run('reserve')
#13 /var/www/yii/framework/web/CWebApplication.php(141): CWebApplication->runController('item/reserve')
#14 /var/www/yii/framework/base/CApplication.php(180): CWebApplication->processRequest()
#15 /var/www/ndsm_store/index.php(13): CApplication->run()
#16 {main}
REQUEST_URI=/ndsm_store/reserve/3/56
---
2014/01/06 21:24:35 [error] [exception.CHttpException.404] exception 'CHttpException' with message 'The requested page does not exist.' in /var/www/ndsm_store/protected/controllers/ItemController.php:227
Stack trace:
#0 /var/www/ndsm_store/protected/controllers/ItemController.php(47): ItemController->loadModel('3')
#1 [internal function]: ItemController->actionReserve('3', '56')
#2 /var/www/yii/framework/web/actions/CAction.php(108): ReflectionMethod->invokeArgs(Object(ItemController), Array)
#3 /var/www/yii/framework/web/actions/CInlineAction.php(47): CAction->runWithParamsInternal(Object(ItemController), Object(ReflectionMethod), Array)
#4 /var/www/yii/framework/web/CController.php(308): CInlineAction->runWithParams(Array)
#5 /var/www/yii/framework/web/filters/CFilterChain.php(133): CController->runAction(Object(CInlineAction))
#6 /var/www/yii/framework/web/filters/CFilter.php(40): CFilterChain->run()
#7 /var/www/yii/framework/web/CController.php(1145): CFilter->filter(Object(CFilterChain))
#8 /var/www/yii/framework/web/filters/CInlineFilter.php(58): CController->filterAccessControl(Object(CFilterChain))
#9 /var/www/yii/framework/web/filters/CFilterChain.php(130): CInlineFilter->filter(Object(CFilterChain))
#10 /var/www/yii/framework/web/CController.php(291): CFilterChain->run()
#11 /var/www/yii/framework/web/CController.php(265): CController->runActionWithFilters(Object(CInlineAction), Array)
#12 /var/www/yii/framework/web/CWebApplication.php(282): CController->run('reserve')
#13 /var/www/yii/framework/web/CWebApplication.php(141): CWebApplication->runController('item/reserve')
#14 /var/www/yii/framework/base/CApplication.php(180): CWebApplication->processRequest()
#15 /var/www/ndsm_store/index.php(13): CApplication->run()
#16 {main}
REQUEST_URI=/ndsm_store/reserve/3/56
---
2014/01/06 21:28:44 [error] [exception.CHttpException.404] exception 'CHttpException' with message 'The system is unable to find the requested action "item".' in /var/www/yii/framework/web/CController.php:483
Stack trace:
#0 /var/www/yii/framework/web/CController.php(270): CController->missingAction('item')
#1 /var/www/yii/framework/web/CWebApplication.php(282): CController->run('item')
#2 /var/www/yii/framework/web/CWebApplication.php(141): CWebApplication->runController('item/item')
#3 /var/www/yii/framework/base/CApplication.php(180): CWebApplication->processRequest()
#4 /var/www/ndsm_store/index.php(13): CApplication->run()
#5 {main}
REQUEST_URI=/ndsm_store/item/item?q=w
---
2014/01/06 23:37:03 [error] [exception.CHttpException.403] exception 'CHttpException' with message 'Enter what you are looking for on the search box' in /var/www/ndsm_store/protected/controllers/ItemController.php:198
Stack trace:
#0 /var/www/yii/framework/web/actions/CInlineAction.php(49): ItemController->actionIndex()
#1 /var/www/yii/framework/web/CController.php(308): CInlineAction->runWithParams(Array)
#2 /var/www/yii/framework/web/filters/CFilterChain.php(133): CController->runAction(Object(CInlineAction))
#3 /var/www/yii/framework/web/filters/CFilter.php(40): CFilterChain->run()
#4 /var/www/yii/framework/web/CController.php(1145): CFilter->filter(Object(CFilterChain))
#5 /var/www/yii/framework/web/filters/CInlineFilter.php(58): CController->filterAccessControl(Object(CFilterChain))
#6 /var/www/yii/framework/web/filters/CFilterChain.php(130): CInlineFilter->filter(Object(CFilterChain))
#7 /var/www/yii/framework/web/CController.php(291): CFilterChain->run()
#8 /var/www/yii/framework/web/CController.php(265): CController->runActionWithFilters(Object(CInlineAction), Array)
#9 /var/www/yii/framework/web/CWebApplication.php(282): CController->run('')
#10 /var/www/yii/framework/web/CWebApplication.php(141): CWebApplication->runController('item')
#11 /var/www/yii/framework/base/CApplication.php(180): CWebApplication->processRequest()
#12 /var/www/ndsm_store/index.php(13): CApplication->run()
#13 {main}
REQUEST_URI=/ndsm_store/item/
---
2014/01/06 23:39:41 [error] [system.db.CDbCommand] CDbCommand::execute() failed: SQLSTATE[23000]: Integrity constraint violation: 1062 Duplicate entry 'magnet' for key 'name'. The SQL statement executed was: INSERT INTO `item` (`quantity`, `available`, `name`, `price`, `description`) VALUES (:yp0, :yp1, :yp2, :yp3, :yp4).
in /var/www/ndsm_store/protected/controllers/ItemController.php (92)
in /var/www/ndsm_store/index.php (13)
2014/01/06 23:39:41 [error] [exception.CDbException] exception 'CDbException' with message 'CDbCommand failed to execute the SQL statement: SQLSTATE[23000]: Integrity constraint violation: 1062 Duplicate entry 'magnet' for key 'name'. The SQL statement executed was: INSERT INTO `item` (`quantity`, `available`, `name`, `price`, `description`) VALUES (:yp0, :yp1, :yp2, :yp3, :yp4)' in /var/www/yii/framework/db/CDbCommand.php:358
Stack trace:
#0 /var/www/yii/framework/db/ar/CActiveRecord.php(1077): CDbCommand->execute()
#1 /var/www/yii/framework/db/ar/CActiveRecord.php(806): CActiveRecord->insert(NULL)
#2 /var/www/ndsm_store/protected/controllers/ItemController.php(92): CActiveRecord->save()
#3 /var/www/yii/framework/web/actions/CInlineAction.php(49): ItemController->actionCreate()
#4 /var/www/yii/framework/web/CController.php(308): CInlineAction->runWithParams(Array)
#5 /var/www/yii/framework/web/filters/CFilterChain.php(133): CController->runAction(Object(CInlineAction))
#6 /var/www/yii/framework/web/filters/CFilter.php(40): CFilterChain->run()
#7 /var/www/yii/framework/web/CController.php(1145): CFilter->filter(Object(CFilterChain))
#8 /var/www/yii/framework/web/filters/CInlineFilter.php(58): CController->filterAccessControl(Object(CFilterChain))
#9 /var/www/yii/framework/web/filters/CFilterChain.php(130): CInlineFilter->filter(Object(CFilterChain))
#10 /var/www/yii/framework/web/CController.php(291): CFilterChain->run()
#11 /var/www/yii/framework/web/CController.php(265): CController->runActionWithFilters(Object(CInlineAction), Array)
#12 /var/www/yii/framework/web/CWebApplication.php(282): CController->run('create')
#13 /var/www/yii/framework/web/CWebApplication.php(141): CWebApplication->runController('item/create')
#14 /var/www/yii/framework/base/CApplication.php(180): CWebApplication->processRequest()
#15 /var/www/ndsm_store/index.php(13): CApplication->run()
#16 {main}
REQUEST_URI=/ndsm_store/item/create
HTTP_REFERER=http://localhost/ndsm_store/item/create
---
2014/01/06 23:41:16 [error] [exception.CHttpException.403] exception 'CHttpException' with message 'Enter what you are looking for on the search box' in /var/www/ndsm_store/protected/controllers/ItemController.php:179
Stack trace:
#0 /var/www/yii/framework/web/actions/CInlineAction.php(49): ItemController->actionIndex()
#1 /var/www/yii/framework/web/CController.php(308): CInlineAction->runWithParams(Array)
#2 /var/www/yii/framework/web/filters/CFilterChain.php(133): CController->runAction(Object(CInlineAction))
#3 /var/www/yii/framework/web/filters/CFilter.php(40): CFilterChain->run()
#4 /var/www/yii/framework/web/CController.php(1145): CFilter->filter(Object(CFilterChain))
#5 /var/www/yii/framework/web/filters/CInlineFilter.php(58): CController->filterAccessControl(Object(CFilterChain))
#6 /var/www/yii/framework/web/filters/CFilterChain.php(130): CInlineFilter->filter(Object(CFilterChain))
#7 /var/www/yii/framework/web/CController.php(291): CFilterChain->run()
#8 /var/www/yii/framework/web/CController.php(265): CController->runActionWithFilters(Object(CInlineAction), Array)
#9 /var/www/yii/framework/web/CWebApplication.php(282): CController->run('index')
#10 /var/www/yii/framework/web/CWebApplication.php(141): CWebApplication->runController('item/index')
#11 /var/www/yii/framework/base/CApplication.php(180): CWebApplication->processRequest()
#12 /var/www/ndsm_store/index.php(13): CApplication->run()
#13 {main}
REQUEST_URI=/ndsm_store/item/index
HTTP_REFERER=http://localhost/ndsm_store/item/4
---
